<?xml version="1.0" encoding="utf-8"?><testsuites name="pytest tests"><testsuite name="pytest" errors="0" failures="0" skipped="0" tests="22" time="4.835" timestamp="2026-06-15T22:27:00.252272+00:00" hostname="agent-env-89a7e262-cf00-4a09-993f-a88f6f6377c0"><testcase classname="backend.tests.test_areas_invitations_nodes.TestHealth" name="test_health" time="0.151" /><testcase classname="backend.tests.test_areas_invitations_nodes.TestHealth" name="test_login_returns_token_and_user" time="0.164" /><testcase classname="backend.tests.test_areas_invitations_nodes.TestAreas" name="test_list_areas_initially_empty_or_list" time="0.376" /><testcase classname="backend.tests.test_areas_invitations_nodes.TestAreas" name="test_create_area_success" time="0.204" /><testcase classname="backend.tests.test_areas_invitations_nodes.TestAreas" name="test_create_area_duplicate_returns_409" time="0.101" /><testcase classname="backend.tests.test_areas_invitations_nodes.TestAreas" name="test_create_area_empty_name_returns_400" time="0.136" /><testcase classname="backend.tests.test_areas_invitations_nodes.TestAreas" name="test_create_area_mismatched_project_id_returns_400" time="0.115" /><testcase classname="backend.tests.test_areas_invitations_nodes.TestAreas" name="test_delete_area_success" time="0.103" /><testcase classname="backend.tests.test_areas_invitations_nodes.TestAreas" name="test_delete_area_not_found_returns_404" time="0.105" /><testcase classname="backend.tests.test_areas_invitations_nodes.TestInvitations" name="test_list_invitations_returns_list" time="0.133" /><testcase classname="backend.tests.test_areas_invitations_nodes.TestInvitations" name="test_create_sub_coordinador_invitation" time="0.741" /><testcase classname="backend.tests.test_areas_invitations_nodes.TestInvitations" name="test_create_sub_coordinador_missing_scope_returns_400" time="0.098" /><testcase classname="backend.tests.test_areas_invitations_nodes.TestInvitations" name="test_create_especialista_invitation" time="0.211" /><testcase classname="backend.tests.test_areas_invitations_nodes.TestInvitations" name="test_create_especialista_with_non_leaf_returns_400" time="0.108" /><testcase classname="backend.tests.test_areas_invitations_nodes.TestInvitations" name="test_invitation_by_token_preview_public" time="0.111" /><testcase classname="backend.tests.test_areas_invitations_nodes.TestInvitations" name="test_invitation_by_token_invalid_returns_404" time="0.097" /><testcase classname="backend.tests.test_areas_invitations_nodes.TestInvitations" name="test_invitation_persisted_in_list" time="0.098" /><testcase classname="backend.tests.test_areas_invitations_nodes.TestInvitations" name="test_revoke_invitation" time="0.214" /><testcase classname="backend.tests.test_areas_invitations_nodes.TestInvitations" name="test_revoke_already_revoked_returns_404" time="0.103" /><testcase classname="backend.tests.test_areas_invitations_nodes.TestNodeDeleteCascade" name="test_delete_node_cascade" time="0.948" /><testcase classname="backend.tests.test_areas_invitations_nodes.TestNodeDeleteCascade" name="test_delete_node_not_found_returns_404" time="0.140" /><testcase classname="backend.tests.test_areas_invitations_nodes.TestNodeDeleteCascade" name="test_delete_leaf_only_deletes_self" time="0.308" /></testsuite></testsuites>