<?xml version="1.0" encoding="utf-8"?><testsuites name="pytest tests"><testsuite name="pytest" errors="0" failures="0" skipped="0" tests="29" time="7.782" timestamp="2026-06-09T06:02:56.523813+00:00" hostname="agent-env-89a7e262-cf00-4a09-993f-a88f6f6377c0"><testcase classname="tests.test_chat_and_refpoints.TestSmokeRegression" name="test_login_supervisor" time="1.447" /><testcase classname="tests.test_chat_and_refpoints.TestSmokeRegression" name="test_login_especialista" time="0.000" /><testcase classname="tests.test_chat_and_refpoints.TestSmokeRegression" name="test_get_areas" time="0.111" /><testcase classname="tests.test_chat_and_refpoints.TestSmokeRegression" name="test_get_reference_points" time="0.109" /><testcase classname="tests.test_chat_and_refpoints.TestSmokeRegression" name="test_create_and_delete_reference_point" time="0.318" /><testcase classname="tests.test_chat_and_refpoints.TestSmokeRegression" name="test_get_activities" time="0.194" /><testcase classname="tests.test_chat_and_refpoints.TestUpdateReferencePoint" name="test_create_then_update_all_fields" time="0.311" /><testcase classname="tests.test_chat_and_refpoints.TestUpdateReferencePoint" name="test_update_404_unknown_id" time="0.146" /><testcase classname="tests.test_chat_and_refpoints.TestUpdateReferencePoint" name="test_update_requires_token" time="0.216" /><testcase classname="tests.test_chat_and_refpoints.TestChatDirect" name="test_chat_users_requires_auth" time="0.105" /><testcase classname="tests.test_chat_and_refpoints.TestChatDirect" name="test_chat_users_shape" time="0.152" /><testcase classname="tests.test_chat_and_refpoints.TestChatDirect" name="test_send_validation_empty" time="0.104" /><testcase classname="tests.test_chat_and_refpoints.TestChatDirect" name="test_send_validation_too_long" time="0.129" /><testcase classname="tests.test_chat_and_refpoints.TestChatDirect" name="test_send_to_self_400" time="0.116" /><testcase classname="tests.test_chat_and_refpoints.TestChatDirect" name="test_send_to_unknown_user_404" time="0.146" /><testcase classname="tests.test_chat_and_refpoints.TestChatDirect" name="test_full_chat_flow" time="1.811" /><testcase classname="tests.test_chat_and_refpoints.TestChatDirect" name="test_messages_unknown_peer_404" time="0.099" /><testcase classname="tests.test_chat_and_refpoints.TestChatDirect" name="test_messages_requires_auth" time="0.123" /><testcase classname="tests.test_chat_and_refpoints.TestChatDirect" name="test_unread_total_requires_auth" time="0.142" /><testcase classname="tests.test_chat_and_refpoints.TestChatArea" name="test_areas_requires_auth" time="0.122" /><testcase classname="tests.test_chat_and_refpoints.TestChatArea" name="test_areas_rooms" time="0.109" /><testcase classname="tests.test_chat_and_refpoints.TestChatArea" name="test_send_general" time="0.229" /><testcase classname="tests.test_chat_and_refpoints.TestChatArea" name="test_send_existing_area" time="0.133" /><testcase classname="tests.test_chat_and_refpoints.TestChatArea" name="test_send_unknown_area_404" time="0.103" /><testcase classname="tests.test_chat_and_refpoints.TestChatArea" name="test_send_empty_400" time="0.110" /><testcase classname="tests.test_chat_and_refpoints.TestChatArea" name="test_send_too_long_400" time="0.116" /><testcase classname="tests.test_chat_and_refpoints.TestChatArea" name="test_area_messages_ascending" time="0.348" /><testcase classname="tests.test_chat_and_refpoints.TestChatArea" name="test_area_messages_requires_auth" time="0.157" /><testcase classname="tests.test_chat_and_refpoints.TestChatArea" name="test_area_rooms_lastmessage_updates" time="0.243" /></testsuite></testsuites>