<?xml version="1.0" encoding="utf-8"?><testsuites name="pytest tests"><testsuite name="pytest" errors="0" failures="0" skipped="0" tests="20" time="5.207" timestamp="2026-06-06T14:45:37.775388+00:00" hostname="agent-env-89a7e262-cf00-4a09-993f-a88f6f6377c0"><testcase classname="tests.test_coordinator_settings.TestAreas" name="test_list_areas_seeded" time="0.615" /><testcase classname="tests.test_coordinator_settings.TestAreas" name="test_list_areas_requires_auth" time="0.140" /><testcase classname="tests.test_coordinator_settings.TestSiteConfig" name="test_get_site_config_schema" time="0.098" /><testcase classname="tests.test_coordinator_settings.TestSiteConfig" name="test_get_site_config_especialista_allowed" time="0.463" /><testcase classname="tests.test_coordinator_settings.TestSiteConfig" name="test_get_site_config_requires_auth" time="0.138" /><testcase classname="tests.test_coordinator_settings.TestSiteConfig" name="test_put_site_config_coordinador_persists" time="0.252" /><testcase classname="tests.test_coordinator_settings.TestSiteConfig" name="test_put_site_config_especialista_forbidden" time="0.102" /><testcase classname="tests.test_coordinator_settings.TestSiteConfig" name="test_put_site_config_requires_auth" time="0.111" /><testcase classname="tests.test_coordinator_settings.TestReferencePoints" name="test_create_global_point_coordinador" time="0.167" /><testcase classname="tests.test_coordinator_settings.TestReferencePoints" name="test_create_area_point_coordinador" time="0.116" /><testcase classname="tests.test_coordinator_settings.TestReferencePoints" name="test_create_point_invalid_area" time="0.125" /><testcase classname="tests.test_coordinator_settings.TestReferencePoints" name="test_create_point_duplicate" time="0.362" /><testcase classname="tests.test_coordinator_settings.TestReferencePoints" name="test_create_point_empty_name" time="0.314" /><testcase classname="tests.test_coordinator_settings.TestReferencePoints" name="test_list_points_coordinador_sees_all" time="0.125" /><testcase classname="tests.test_coordinator_settings.TestReferencePoints" name="test_list_points_especialista_filtered" time="0.222" /><testcase classname="tests.test_coordinator_settings.TestReferencePoints" name="test_create_point_especialista_forced_to_own_area" time="0.100" /><testcase classname="tests.test_coordinator_settings.TestReferencePoints" name="test_delete_point_coordinador" time="0.537" /><testcase classname="tests.test_coordinator_settings.TestReferencePoints" name="test_delete_point_not_found" time="0.119" /><testcase classname="tests.test_coordinator_settings.TestReferencePoints" name="test_delete_point_especialista_others_forbidden" time="0.224" /><testcase classname="tests.test_coordinator_settings.TestReferencePoints" name="test_list_requires_auth" time="0.687" /></testsuite></testsuites>