<?xml version="1.0" encoding="utf-8"?><testsuites name="pytest tests"><testsuite name="pytest" errors="0" failures="0" skipped="0" tests="12" time="3.116" timestamp="2026-06-15T22:47:01.081269+00:00" hostname="agent-env-89a7e262-cf00-4a09-993f-a88f6f6377c0"><testcase classname="backend.tests.test_especialista_reports.TestEspecialistaInvitationFlow" name="test_admin_login" time="0.351" /><testcase classname="backend.tests.test_especialista_reports.TestEspecialistaInvitationFlow" name="test_project_created" time="0.156" /><testcase classname="backend.tests.test_especialista_reports.TestEspecialistaInvitationFlow" name="test_tree_built" time="0.978" /><testcase classname="backend.tests.test_especialista_reports.TestEspecialistaInvitationFlow" name="test_area_topografia_created" time="0.103" /><testcase classname="backend.tests.test_especialista_reports.TestEspecialistaInvitationFlow" name="test_invitation_and_accept" time="0.316" /><testcase classname="backend.tests.test_especialista_reports.TestEspecialistaReports" name="test_create_report_with_new_fields" time="0.105" /><testcase classname="backend.tests.test_especialista_reports.TestEspecialistaReports" name="test_get_single_report_persists_avance_contratista" time="0.101" /><testcase classname="backend.tests.test_especialista_reports.TestEspecialistaReports" name="test_list_reports_only_returns_scoped" time="0.206" /><testcase classname="backend.tests.test_especialista_reports.TestEspecialistaRBAC" name="test_post_report_outside_scope_returns_403" time="0.135" /><testcase classname="backend.tests.test_especialista_reports.TestEspecialistaRBAC" name="test_post_report_on_non_leaf_returns_400" time="0.120" /><testcase classname="backend.tests.test_especialista_reports.TestEspecialistaRBAC" name="test_post_report_invalid_measurement_returns_400" time="0.135" /><testcase classname="backend.tests.test_especialista_reports.TestEspecialistaRBAC" name="test_post_report_coord_latlon_in_scope" time="0.205" /></testsuite></testsuites>