<?xml version="1.0" encoding="utf-8"?><testsuites name="pytest tests"><testsuite name="pytest" errors="0" failures="0" skipped="0" tests="25" time="33.414" timestamp="2026-06-06T06:31:30.618766+00:00" hostname="agent-env-89a7e262-cf00-4a09-993f-a88f6f6377c0"><testcase classname="tests.test_noticias.TestHealth" name="test_health" time="0.207" /><testcase classname="tests.test_noticias.TestAuth" name="test_login_coord" time="0.363" /><testcase classname="tests.test_noticias.TestAuth" name="test_login_esp" time="0.378" /><testcase classname="tests.test_noticias.TestAuth" name="test_login_bad" time="0.109" /><testcase classname="tests.test_noticias.TestAreas" name="test_list_areas" time="1.966" /><testcase classname="tests.test_noticias.TestReportsRegression" name="test_create_and_list_report_esp" time="0.646" /><testcase classname="tests.test_noticias.TestActivities" name="test_create_activity_coord_global" time="0.136" /><testcase classname="tests.test_noticias.TestActivities" name="test_create_activity_coord_area" time="0.108" /><testcase classname="tests.test_noticias.TestActivities" name="test_create_activity_esp_auto_area" time="0.141" /><testcase classname="tests.test_noticias.TestActivities" name="test_create_activity_esp_cannot_post_to_other_area" time="0.105" /><testcase classname="tests.test_noticias.TestActivities" name="test_create_activity_invalid_priority" time="0.152" /><testcase classname="tests.test_noticias.TestActivities" name="test_create_activity_empty_title" time="0.096" /><testcase classname="tests.test_noticias.TestActivities" name="test_list_activities_coord_sees_all" time="0.103" /><testcase classname="tests.test_noticias.TestActivities" name="test_list_activities_esp_only_own_area_plus_global" time="0.469" /><testcase classname="tests.test_noticias.TestActivities" name="test_delete_activity_creator" time="0.222" /><testcase classname="tests.test_noticias.TestActivities" name="test_delete_activity_forbidden_other_esp" time="1.004" /><testcase classname="tests.test_noticias.TestActivities" name="test_delete_activity_coord_can_delete_any" time="0.239" /><testcase classname="tests.test_noticias.TestActivities" name="test_delete_unknown" time="0.101" /><testcase classname="tests.test_noticias.TestActivities" name="test_unauthenticated" time="0.089" /><testcase classname="tests.test_noticias.TestPeriodSummary" name="test_daily_coord" time="5.516" /><testcase classname="tests.test_noticias.TestPeriodSummary" name="test_weekly_esp_forced_area" time="8.412" /><testcase classname="tests.test_noticias.TestPeriodSummary" name="test_monthly_coord_area_filter" time="6.829" /><testcase classname="tests.test_noticias.TestPeriodSummary" name="test_invalid_period" time="0.112" /><testcase classname="tests.test_noticias.TestPeriodSummary" name="test_unauth" time="0.107" /><testcase classname="tests.test_noticias.TestDailySummaryRegression" name="test_daily_summary_coord" time="5.621" /></testsuite></testsuites>