<?xml version="1.0" encoding="utf-8"?><testsuites name="pytest tests"><testsuite name="pytest" errors="0" failures="0" skipped="0" tests="10" time="1.700" timestamp="2026-06-16T23:16:49.554250+00:00" hostname="agent-env-89a7e262-cf00-4a09-993f-a88f6f6377c0"><testcase classname="backend.tests.test_quickcapture_feed.TestSetup" name="test_login_especialista" time="0.380" /><testcase classname="backend.tests.test_quickcapture_feed.TestSetup" name="test_scope_contains_two_leaves" time="0.000" /><testcase classname="backend.tests.test_quickcapture_feed.TestQuickCapturePost" name="test_post_full_payload_persists_all_fields" time="0.155" /><testcase classname="backend.tests.test_quickcapture_feed.TestQuickCapturePost" name="test_get_persisted_report_round_trip" time="0.142" /><testcase classname="backend.tests.test_quickcapture_feed.TestNodeHistoryEndpoint" name="test_history_after_post_has_previous_true_and_ultima_lectura" time="0.144" /><testcase classname="backend.tests.test_quickcapture_feed.TestNodeHistoryEndpoint" name="test_history_on_fresh_node_returns_has_previous_false" time="0.112" /><testcase classname="backend.tests.test_quickcapture_feed.TestNodeHistoryEndpoint" name="test_history_out_of_scope_node_returns_403" time="0.205" /><testcase classname="backend.tests.test_quickcapture_feed.TestReportInValidation" name="test_personnel_as_object_rejected_422" time="0.167" /><testcase classname="backend.tests.test_quickcapture_feed.TestReportInValidation" name="test_equipment_as_string_rejected_422" time="0.102" /><testcase classname="backend.tests.test_quickcapture_feed.TestReportInValidation" name="test_primera_lectura_non_numeric_rejected_422" time="0.120" /></testsuite></testsuites>